20230802	17:20:37	2628bbfc-c980-401f-adda-edcaff23fcd3	GET	/pdy	undefined
20230802	17:20:37	1eb990d5-d694-468c-affc-f81cb1704856	GET	/css/style.css	undefined
20230802	17:20:39	1216997a-be0c-4da2-a241-2131ff38909d	GET	/	undefined
20230802	17:20:39	e09c75eb-9307-43db-b7d2-bff351a9cf12	GET	/css/style.css	undefined
20230804	16:08:02	9763fa42-6ccd-4f3d-a0ab-ff76dba1ed43	GET	/users	undefined
20230804	16:08:18	03b4f072-0c5e-4c7f-8568-2b315ca0ff46	GET	/users	undefined
20230804	16:08:24	18845235-5b92-4603-840f-8bd0adcf3b01	GET	/user	undefined
20230804	16:08:28	3cdfe9cd-6df3-4c79-bb49-37c0fd7abbab	GET	/userss	undefined
20230804	16:08:31	d20bcfaa-1e81-4397-bf9b-919449a278b6	GET	/users	undefined
20230804	16:09:08	f177afdf-b918-426a-899a-08b2fbf089c3	GET	/users	undefined
20230804	16:10:12	76579044-7005-410e-8e9b-f172b0a05e1a	POST	/users	undefined
20230804	16:10:23	e59d11f4-f2ec-49a9-96c2-6dd727eb31fe	POST	/users	undefined
20230804	16:12:43	e4af4842-2b3b-4cd9-ae0d-8b2fbe83dfbc	POST	/Users	undefined
20230804	16:13:04	4584fd18-cd5c-484b-9736-ed2bff502600	POST	/Users	undefined
20230804	16:13:14	9fc3831f-172c-42c4-ac5b-6740b59b509d	POST	/users	undefined
20230804	16:14:05	ba5e72f1-d6d5-4052-9764-1a0166bad213	POST	/users	undefined
20230804	16:14:21	fc61f4ef-2454-45e4-b9df-8c79337c49ef	POST	/users	undefined
20230804	16:18:40	b5cb0d79-7112-4a5e-b02d-c0182b7fa226	GET	/users	undefined
20230804	16:30:26	3160cbcf-22a7-46f0-9425-c41d3a5d7751	GET	/users	undefined
20230804	16:30:36	9665ee74-ac25-4301-9a2e-7b5cd58e0a8d	POST	/users	undefined
20230804	16:30:51	58448e69-1206-4206-8af1-4261c02435b7	POST	/users	undefined
20230804	16:31:06	1e45b4be-f7a3-4ed6-b88e-9481f1e5c465	POST	/users	undefined
20230804	16:31:24	3f3a71cd-3d16-4873-a276-118bf00539cc	POST	/users	undefined
20230804	16:31:34	396ba9f1-1586-416d-b843-8091901b91fc	POST	/users	undefined
20230804	17:01:11	55b24384-4f5f-4cb4-8257-a35f6df4d715	POST	/users	undefined
20230804	17:01:21	81b77176-6d57-4fe2-8ae7-d8ef413c5f0e	GET	/users	undefined
20230804	17:01:25	767954cc-e702-49fe-b391-6832a30fcf0f	GET	/users	undefined
20230804	17:01:36	7b9bf9b2-36a4-4e72-b5ec-9617e8862b8f	GET	/users	undefined
20230804	17:01:37	86c2619d-a1d4-4bfc-8e44-534d00523dec	GET	/users	undefined
20230804	17:03:55	b8617563-bb91-4663-a2b3-fc5ade702566	GET	/users	undefined
20230804	17:06:56	a12e2c52-0277-4bda-83e8-48ba9f092fb0	POST	/users	undefined
20230804	17:07:13	0c3b1417-42d1-4741-a95d-62d12eb56342	POST	/users	undefined
20230804	17:08:03	ef700f27-1ca9-4076-b794-86a08994c863	POST	/users	undefined
20230804	17:16:00	e65504a9-8d3f-4bf5-83df-0ea20c2f61f7	POST	/users	undefined
20230804	17:17:11	434da682-e2ca-46d0-9b6e-5756b2543fc3	GET	/users	undefined
